The HCMV genome (NC_006273.2) has 169 CDS.
sample	condition	min_tpm	med_tpm	mean_tpm	max_tpm
SRR5660030	2dpi	0.0	1877.01	5917.1601786982255	76933.3
SRR5660033	6dpi	0.0	1980.99	5917.159885798816	177497.0
SRR5660044	2dpi	0.0	1906.83	5917.161822485208	222794.0
SRR5660045	6dpi	0.0	1087.21	5917.163998816575	400458.0
target_id test_stat pval qval
YP_081530.1 15.1793495744618 9.77667579815603e-05 0.00841669520168401
YP_081547.1 15.0290239040048 0.000105870379895396 0.00841669520168401
YP_081552.1 14.0644068170814 0.000176655372457297 0.00936273474023674
YP_081551.1 12.4653534207486 0.000414570073502669 0.0164791604217311
YP_081577.1 11.8474954422521 0.000577389493276231 0.0176780827638727
YP_081489.1 11.5787506470706 0.000667097462787647 0.0176780827638727
YP_081574.1 11.0341336172115 0.000894494702797347 0.018779406038213
YP_081521.1 10.8637485389882 0.000980649966953317 0.018779406038213
YP_081576.1 10.714511405403 0.00106298524744602 0.018779406038213
YP_081490.1 10.2058327778214 0.0013999715910755 0.0222595482981004
YP_081522.1 9.39336357285332 0.00217772296177603 0.031477995538399
YP_081561.1 8.95071799498783 0.0027736055052364 0.0367502729443823
YP_081613.1 8.62847181982163 0.00330949087285038 0.0404776191371701
YP_081600.1 8.39486730593993 0.00376281979240885 0.042734881928072
YP_081520.1 8.24736528032804 0.00408111943506433 0.0432598660116819
YP_081533.1 8.03338764990763 0.00459228698952296 0.0456358519583844
YP_081601.1 7.86874282184583 0.00502966093930839 0.0470421229029432
YP_081595.1 7.68055224934831 0.00558190834135452 0.0493068570152982
Donor 1 (2dpi) had 2259287 read pairs before Bowtie2 filtering and 1562296 read pairs after. 
Donor 1 (6dpi) had 2004530 read pairs before Bowtie2 filtering and 1249472 read pairs after. 
Donor 3 (2dpi) had 2730258 read pairs before Bowtie2 filtering and 1922300 read pairs after. 
Donor 3 (6dpi) had 2476889 read pairs before Bowtie2 filtering and 1274769 read pairs after. 
spades.py -k 77 -t 2 --only-assembler -1 mapped_SRR5660030.1.fastq -2 mapped_SRR5660030.2.fastq -o /home/2025/acarcione/Spring_2025/pipeline_proj/SPAdes_assembly/Donor1
spades.py -k 77 -t 2 --only-assembler -1 mapped_SRR5660033.1.fastq -2 mapped_SRR5660033.2.fastq -o /home/2025/acarcione/Spring_2025/pipeline_proj/SPAdes_assembly/Donor1
spades.py -k 77 -t 2 --only-assembler -1 mapped_SRR5660044.1.fastq -2 mapped_SRR5660044.2.fastq -o /home/2025/acarcione/Spring_2025/pipeline_proj/SPAdes_assembly/Donor3
spades.py -k 77 -t 2 --only-assembler -1 mapped_SRR5660045.1.fastq -2 mapped_SRR5660045.2.fastq -o /home/2025/acarcione/Spring_2025/pipeline_proj/SPAdes_assembly/Donor3
Donor1
sacc	pident	length	qstart	qend	sstart	send	bitscore	evalue	stitle
EF999921.1	99.991	11271	1	11271	167590	178860	20809	0.0	EF999921.1 Human herpesvirus 5 strain TB40/E clone TB40-BAC4
KF297339.1	99.991	11271	1	11271	135549	146819	20809	0.0	KF297339.1 Human herpesvirus 5 strain TB40/E clone Lisa
MT070140.1	99.991	11271	1	11271	135320	146590	20809	0.0	MT070140.1 UNVERIFIED: Human betaherpesvirus 5 isolate P10
MW439039.1	99.991	11271	1	11271	134948	146218	20809	0.0	MW439039.1 Human betaherpesvirus 5 strain TB40/EE
MW439038.1	99.991	11271	1	11271	134948	146218	20809	0.0	MW439038.1 Human betaherpesvirus 5 strain TB40/EF
JX512204.1	99.973	11271	1	11271	134961	146231	20798	0.0	JX512204.1 Human herpesvirus 5 strain HAN16
MT044484.1	99.965	11271	1	11271	134901	146171	20792	0.0	MT044484.1 Human betaherpesvirus 5 strain HAN-SOT4
KX544839.1	99.965	11271	1	11271	167546	178813	20788	0.0	KX544839.1 Human betaherpesvirus 5 isolate TB40-E_UNC
MW528458.1	99.956	11271	1	11271	135043	146313	20787	0.0	MW528458.1 Human betaherpesvirus 5 isolate BM1
MT044481.1	99.920	11271	1	11271	135149	146419	20764	0.0	MT044481.1 Human betaherpesvirus 5 strain GLA-SOT2
Donor3
sacc	pident	length	qstart	qend	sstart	send	bitscore	evalue	stitle
EF999921.1	100.000	4297	1	4297	167487	163191	7936	0.0	EF999921.1 Human herpesvirus 5 strain TB40/E clone TB40-BAC4
JX512204.1	100.000	4297	1	4297	134858	130562	7936	0.0	JX512204.1 Human herpesvirus 5 strain HAN16
KF297339.1	100.000	4297	1	4297	135446	131150	7936	0.0	KF297339.1 Human herpesvirus 5 strain TB40/E clone Lisa
MT070140.1	100.000	4297	1	4297	135217	130921	7936	0.0	MT070140.1 UNVERIFIED: Human betaherpesvirus 5 isolate P10
MT044481.1	100.000	4297	1	4297	135046	130750	7936	0.0	MT044481.1 Human betaherpesvirus 5 strain GLA-SOT2
MW439039.1	100.000	4297	1	4297	134845	130549	7936	0.0	MW439039.1 Human betaherpesvirus 5 strain TB40/EE
MW439038.1	100.000	4297	1	4297	134845	130549	7936	0.0	MW439038.1 Human betaherpesvirus 5 strain TB40/EF
MT044484.1	99.977	4297	1	4297	134798	130502	7930	0.0	MT044484.1 Human betaherpesvirus 5 strain HAN-SOT4
GQ221973.1	99.930	4297	1	4297	134968	130672	7919	0.0	GQ221973.1 Human herpesvirus 5 strain HAN13
JX512198.1	99.930	4297	1	4297	129559	125263	7919	0.0	JX512198.1 Human herpesvirus 5 strain Davis
